<?xml version="1.0" encoding="UTF-8"?>
<testng-results ignored="0" total="1" passed="1" failed="0" skipped="0">
  <reporter-output>
  </reporter-output>
  <suite started-at="2024-07-10T22:53:12 CDT" name="Default suite" finished-at="2024-07-10T22:53:14 CDT" duration-ms="2691">
    <groups>
    </groups>
    <test started-at="2024-07-10T22:53:12 CDT" name="Default test" finished-at="2024-07-10T22:53:14 CDT" duration-ms="2691">
      <class name="scrape.ScrapeTest">
        <test-method signature="parseDataOnPage()[pri:0, instance:scrape.ScrapeTest@3da05287]" started-at="2024-07-10T22:53:12 CDT" name="parseDataOnPage" finished-at="2024-07-10T22:53:14 CDT" duration-ms="2633" status="PASS">
          <reporter-output>
          </reporter-output>
        </test-method> <!-- parseDataOnPage -->
      </class> <!-- scrape.ScrapeTest -->
    </test> <!-- Default test -->
  </suite> <!-- Default suite -->
</testng-results>
